[2017-04-23T01:03:02,540][INFO ][logstash.outputs.elasticsearch] Elasticsearch pool URLs updated {:changes=>{:removed=>[], :added=>[http://localhost:9200/]}}
[2017-04-23T01:03:02,572][INFO ][logstash.outputs.elasticsearch] Running health check to see if an Elasticsearch connection is working {:healthcheck_url=>http://localhost:9200/, :path=>"/"}
[2017-04-23T01:03:02,861][WARN ][logstash.outputs.elasticsearch] Restored connection to ES instance {:url=>#<URI::HTTP:0x6d0042f9 URL:http://localhost:9200/>}
[2017-04-23T01:03:02,864][INFO ][logstash.outputs.elasticsearch] Using mapping template from {:path=>nil}
[2017-04-23T01:03:03,031][INFO ][logstash.outputs.elasticsearch] Attempting to install template {:manage_template=>{"template"=>"logstash-*", "version"=>50001, "settings"=>{"index.refresh_interval"=>"5s"}, "mappings"=>{"_default_"=>{"_all"=>{"enabled"=>true, "norms"=>false}, "dynamic_templates"=>[{"message_field"=>{"path_match"=>"message", "match_mapping_type"=>"string", "mapping"=>{"type"=>"text", "norms"=>false}}}, {"string_fields"=>{"match"=>"*", "match_mapping_type"=>"string", "mapping"=>{"type"=>"text", "norms"=>false, "fields"=>{"keyword"=>{"type"=>"keyword"}}}}}], "properties"=>{"@timestamp"=>{"type"=>"date", "include_in_all"=>false}, "@version"=>{"type"=>"keyword", "include_in_all"=>false}, "geoip"=>{"dynamic"=>true, "properties"=>{"ip"=>{"type"=>"ip"}, "location"=>{"type"=>"geo_point"}, "latitude"=>{"type"=>"half_float"}, "longitude"=>{"type"=>"half_float"}}}}}}}}
[2017-04-23T01:03:03,052][INFO ][logstash.outputs.elasticsearch] New Elasticsearch output {:class=>"LogStash::Outputs::ElasticSearch", :hosts=>[#<URI::Generic:0x92c2a3f URL://localhost:9200>]}
[2017-04-23T01:03:03,059][INFO ][logstash.pipeline        ] Starting pipeline {"id"=>"main", "pipeline.workers"=>4, "pipeline.batch.size"=>125, "pipeline.batch.delay"=>5, "pipeline.max_inflight"=>500}
[2017-04-23T01:03:03,915][INFO ][logstash.pipeline        ] Pipeline main started
[2017-04-23T01:03:03,915][INFO ][logstash.inputs.twitter  ] Starting twitter tracking {:track=>"overwatch"}
[2017-04-23T01:03:04,056][INFO ][logstash.agent           ] Successfully started Logstash API endpoint {:port=>9600}
[2017-04-23T21:34:51,825][WARN ][logstash.runner          ] SIGINT received. Shutting down the agent.
[2017-04-23T21:34:51,839][WARN ][logstash.agent           ] stopping pipeline {:id=>"main"}
[2017-04-23T21:34:51,942][FATAL][logstash.runner          ] SIGINT received. Terminating immediately..
[2017-04-23T21:35:18,987][INFO ][logstash.outputs.elasticsearch] Elasticsearch pool URLs updated {:changes=>{:removed=>[], :added=>[http://localhost:9200/]}}
[2017-04-23T21:35:18,993][INFO ][logstash.outputs.elasticsearch] Running health check to see if an Elasticsearch connection is working {:healthcheck_url=>http://localhost:9200/, :path=>"/"}
[2017-04-23T21:35:19,145][WARN ][logstash.outputs.elasticsearch] Restored connection to ES instance {:url=>#<URI::HTTP:0x88d686c URL:http://localhost:9200/>}
[2017-04-23T21:35:19,147][INFO ][logstash.outputs.elasticsearch] Using mapping template from {:path=>nil}
[2017-04-23T21:35:19,199][INFO ][logstash.outputs.elasticsearch] Attempting to install template {:manage_template=>{"template"=>"logstash-*", "version"=>50001, "settings"=>{"index.refresh_interval"=>"5s"}, "mappings"=>{"_default_"=>{"_all"=>{"enabled"=>true, "norms"=>false}, "dynamic_templates"=>[{"message_field"=>{"path_match"=>"message", "match_mapping_type"=>"string", "mapping"=>{"type"=>"text", "norms"=>false}}}, {"string_fields"=>{"match"=>"*", "match_mapping_type"=>"string", "mapping"=>{"type"=>"text", "norms"=>false, "fields"=>{"keyword"=>{"type"=>"keyword"}}}}}], "properties"=>{"@timestamp"=>{"type"=>"date", "include_in_all"=>false}, "@version"=>{"type"=>"keyword", "include_in_all"=>false}, "geoip"=>{"dynamic"=>true, "properties"=>{"ip"=>{"type"=>"ip"}, "location"=>{"type"=>"geo_point"}, "latitude"=>{"type"=>"half_float"}, "longitude"=>{"type"=>"half_float"}}}}}}}}
[2017-04-23T21:35:19,205][INFO ][logstash.outputs.elasticsearch] New Elasticsearch output {:class=>"LogStash::Outputs::ElasticSearch", :hosts=>[#<URI::Generic:0xd5a8eb6 URL://localhost:9200>]}
[2017-04-23T21:35:19,212][INFO ][logstash.pipeline        ] Starting pipeline {"id"=>"main", "pipeline.workers"=>4, "pipeline.batch.size"=>125, "pipeline.batch.delay"=>5, "pipeline.max_inflight"=>500}
[2017-04-23T21:35:19,841][INFO ][logstash.pipeline        ] Pipeline main started
[2017-04-23T21:35:19,841][INFO ][logstash.inputs.twitter  ] Starting twitter tracking {:track=>"overwatch"}
[2017-04-23T21:35:19,930][INFO ][logstash.agent           ] Successfully started Logstash API endpoint {:port=>9600}
