[2017-05-17T17:23:07,161][INFO ][o.e.n.Node               ] [] initializing ...
[2017-05-17T17:23:08,297][INFO ][o.e.e.NodeEnvironment    ] [H2ICDcy] using [1] data paths, mounts [[Windows8_OS (C:)]], net usable_space [298.4gb], net total_space [424.7gb], spins? [unknown], types [NTFS]
[2017-05-17T17:23:08,299][INFO ][o.e.e.NodeEnvironment    ] [H2ICDcy] heap size [1.9gb], compressed ordinary object pointers [true]
[2017-05-17T17:23:08,306][INFO ][o.e.n.Node               ] [H2ICDcy] node name [H2ICDcy] derived from node ID; set [node.name] to override
[2017-05-17T17:23:08,486][INFO ][o.e.n.Node               ] [H2ICDcy] version[5.0.0], pid[1856], build[253032b/2016-10-26T04:37:51.531Z], OS[Windows 8.1/6.3/amd64], JVM[Oracle Corporation/Java HotSpot(TM) 64-Bit Server VM/1.8.0_101/25.101-b13]
[2017-05-17T17:23:14,048][INFO ][o.e.p.PluginsService     ] [H2ICDcy] loaded module [aggs-matrix-stats]
[2017-05-17T17:23:14,049][INFO ][o.e.p.PluginsService     ] [H2ICDcy] loaded module [ingest-common]
[2017-05-17T17:23:14,050][INFO ][o.e.p.PluginsService     ] [H2ICDcy] loaded module [lang-expression]
[2017-05-17T17:23:14,051][INFO ][o.e.p.PluginsService     ] [H2ICDcy] loaded module [lang-groovy]
[2017-05-17T17:23:14,051][INFO ][o.e.p.PluginsService     ] [H2ICDcy] loaded module [lang-mustache]
[2017-05-17T17:23:14,052][INFO ][o.e.p.PluginsService     ] [H2ICDcy] loaded module [lang-painless]
[2017-05-17T17:23:14,052][INFO ][o.e.p.PluginsService     ] [H2ICDcy] loaded module [percolator]
[2017-05-17T17:23:14,053][INFO ][o.e.p.PluginsService     ] [H2ICDcy] loaded module [reindex]
[2017-05-17T17:23:14,053][INFO ][o.e.p.PluginsService     ] [H2ICDcy] loaded module [transport-netty3]
[2017-05-17T17:23:14,053][INFO ][o.e.p.PluginsService     ] [H2ICDcy] loaded module [transport-netty4]
[2017-05-17T17:23:14,054][INFO ][o.e.p.PluginsService     ] [H2ICDcy] no plugins loaded
[2017-05-17T17:24:07,924][INFO ][o.e.n.Node               ] [H2ICDcy] initialized
[2017-05-17T17:24:07,925][INFO ][o.e.n.Node               ] [H2ICDcy] starting ...
[2017-05-17T17:24:10,335][INFO ][o.e.t.TransportService   ] [H2ICDcy] publish_address {127.0.0.1:9300}, bound_addresses {127.0.0.1:9300}, {[::1]:9300}
[2017-05-17T17:24:14,556][INFO ][o.e.c.s.ClusterService   ] [H2ICDcy] new_master {H2ICDcy}{H2ICDcy-Ri6TG_3mUWxi0g}{ulSAueLXQ6OSmS8mvNf3kA}{127.0.0.1}{127.0.0.1:9300}, reason: zen-disco-elected-as-master ([0] nodes joined)
[2017-05-17T17:24:15,258][INFO ][o.e.g.GatewayService     ] [H2ICDcy] recovered [0] indices into cluster_state
[2017-05-17T17:24:15,605][INFO ][o.e.h.HttpServer         ] [H2ICDcy] publish_address {127.0.0.1:9200}, bound_addresses {127.0.0.1:9200}, {[::1]:9200}
[2017-05-17T17:24:15,606][INFO ][o.e.n.Node               ] [H2ICDcy] started
[2017-05-17T17:25:34,071][INFO ][o.e.c.m.MetaDataCreateIndexService] [H2ICDcy] [testtwitter] creating index, cause [auto(bulk api)], templates [], shards [5]/[1], mappings []
[2017-05-17T17:25:40,762][INFO ][o.e.c.m.MetaDataMappingService] [H2ICDcy] [testtwitter/sWUZPjCRTMG5WGh1tS69BQ] create_mapping [logs]
[2017-05-17T17:25:40,778][INFO ][o.e.c.m.MetaDataMappingService] [H2ICDcy] [testtwitter/sWUZPjCRTMG5WGh1tS69BQ] update_mapping [logs]
[2017-05-17T17:25:40,790][INFO ][o.e.c.m.MetaDataMappingService] [H2ICDcy] [testtwitter/sWUZPjCRTMG5WGh1tS69BQ] update_mapping [logs]
[2017-05-17T17:34:51,730][INFO ][o.e.c.m.MetaDataCreateIndexService] [H2ICDcy] [.kibana] creating index, cause [api], templates [], shards [1]/[1], mappings [server, config]
[2017-05-17T17:40:33,492][INFO ][o.e.c.m.MetaDataMappingService] [H2ICDcy] [.kibana/8QnY5MppQvqs-V4784dJ8A] create_mapping [index-pattern]
[2017-05-17T18:05:00,207][INFO ][o.e.m.j.JvmGcMonitorService] [H2ICDcy] [gc][2449] overhead, spent [348ms] collecting in the last [1s]
[2017-05-17T18:11:35,793][INFO ][o.e.c.m.MetaDataMappingService] [H2ICDcy] [.kibana/8QnY5MppQvqs-V4784dJ8A] create_mapping [timelion-sheet]
[2017-05-17T18:15:38,572][INFO ][o.e.c.m.MetaDataMappingService] [H2ICDcy] [.kibana/8QnY5MppQvqs-V4784dJ8A] update_mapping [config]
[2017-05-17T18:16:16,544][INFO ][o.e.c.m.MetaDataMappingService] [H2ICDcy] [.kibana/8QnY5MppQvqs-V4784dJ8A] create_mapping [visualization]
[2017-05-17T18:30:22,581][INFO ][o.e.c.m.MetaDataMappingService] [H2ICDcy] [.kibana/8QnY5MppQvqs-V4784dJ8A] create_mapping [dashboard]
[2017-05-17T18:47:00,112][INFO ][o.e.c.m.MetaDataMappingService] [H2ICDcy] [.kibana/8QnY5MppQvqs-V4784dJ8A] create_mapping [search]
[2017-05-17T19:46:39,520][INFO ][o.e.c.m.MetaDataMappingService] [H2ICDcy] [.kibana/8QnY5MppQvqs-V4784dJ8A] update_mapping [config]
[2017-05-17T19:58:28,811][INFO ][o.e.m.j.JvmGcMonitorService] [H2ICDcy] [gc][9252] overhead, spent [265ms] collecting in the last [1s]
[2017-05-17T20:39:55,870][WARN ][o.e.m.j.JvmGcMonitorService] [H2ICDcy] [gc][young][11724][248] duration [2.6s], collections [1]/[3.1s], total [2.6s]/[8s], memory [427.2mb]->[208.1mb]/[1.9gb], all_pools {[young] [219.9mb]->[481.6kb]/[266.2mb]}{[survivor] [18.2mb]->[18.6mb]/[33.2mb]}{[old] [189mb]->[189mb]/[1.6gb]}
[2017-05-17T20:39:56,106][WARN ][o.e.m.j.JvmGcMonitorService] [H2ICDcy] [gc][11724] overhead, spent [2.6s] collecting in the last [3.1s]
[2017-05-17T23:00:04,565][WARN ][o.e.m.j.JvmGcMonitorService] [H2ICDcy] [gc][20123] overhead, spent [609ms] collecting in the last [1s]
[2017-05-17T23:00:31,720][WARN ][o.e.m.j.JvmGcMonitorService] [H2ICDcy] [gc][20150] overhead, spent [503ms] collecting in the last [1s]
