[2017-05-17T17:23:16,257][WARN ][o.e.d.s.g.GroovyScriptEngineService] [groovy] scripts are deprecated, use [painless] scripts instead
[2017-05-17T17:34:51,273][WARN ][o.e.d.i.m.StringFieldMapper$TypeParser] The [string] field is deprecated, please use [text] or [keyword] instead on [buildNum]
[2017-05-17T17:40:33,481][WARN ][o.e.d.i.m.StringFieldMapper$TypeParser] The [string] field is deprecated, please use [text] or [keyword] instead on [title]
[2017-05-17T17:40:33,482][WARN ][o.e.d.i.m.StringFieldMapper$TypeParser] The [string] field is deprecated, please use [text] or [keyword] instead on [timeFieldName]
[2017-05-17T17:40:33,482][WARN ][o.e.d.i.m.StringFieldMapper$TypeParser] The [string] field is deprecated, please use [text] or [keyword] instead on [intervalName]
[2017-05-17T17:40:33,482][WARN ][o.e.d.i.m.StringFieldMapper$TypeParser] The [string] field is deprecated, please use [text] or [keyword] instead on [fields]
[2017-05-17T17:40:33,482][WARN ][o.e.d.i.m.StringFieldMapper$TypeParser] The [string] field is deprecated, please use [text] or [keyword] instead on [fieldFormatMap]
[2017-05-17T17:40:33,485][WARN ][o.e.d.i.m.StringFieldMapper$TypeParser] The [string] field is deprecated, please use [text] or [keyword] instead on [title]
[2017-05-17T17:40:33,487][WARN ][o.e.d.i.m.StringFieldMapper$TypeParser] The [string] field is deprecated, please use [text] or [keyword] instead on [timeFieldName]
[2017-05-17T17:40:33,487][WARN ][o.e.d.i.m.StringFieldMapper$TypeParser] The [string] field is deprecated, please use [text] or [keyword] instead on [intervalName]
[2017-05-17T17:40:33,488][WARN ][o.e.d.i.m.StringFieldMapper$TypeParser] The [string] field is deprecated, please use [text] or [keyword] instead on [fields]
[2017-05-17T17:40:33,488][WARN ][o.e.d.i.m.StringFieldMapper$TypeParser] The [string] field is deprecated, please use [text] or [keyword] instead on [fieldFormatMap]
[2017-05-17T18:11:35,784][WARN ][o.e.d.i.m.StringFieldMapper$TypeParser] The [string] field is deprecated, please use [text] or [keyword] instead on [title]
[2017-05-17T18:11:35,784][WARN ][o.e.d.i.m.StringFieldMapper$TypeParser] The [string] field is deprecated, please use [text] or [keyword] instead on [description]
[2017-05-17T18:11:35,785][WARN ][o.e.d.i.m.StringFieldMapper$TypeParser] The [string] field is deprecated, please use [text] or [keyword] instead on [timelion_sheet]
[2017-05-17T18:11:35,785][WARN ][o.e.d.i.m.StringFieldMapper$TypeParser] The [string] field is deprecated, please use [text] or [keyword] instead on [timelion_interval]
[2017-05-17T18:11:35,785][WARN ][o.e.d.i.m.StringFieldMapper$TypeParser] The [string] field is deprecated, please use [text] or [keyword] instead on [timelion_other_interval]
[2017-05-17T18:11:35,785][WARN ][o.e.d.i.m.StringFieldMapper$TypeParser] The [string] field is deprecated, please use [text] or [keyword] instead on [searchSourceJSON]
[2017-05-17T18:11:35,786][WARN ][o.e.d.i.m.StringFieldMapper$TypeParser] The [string] field is deprecated, please use [text] or [keyword] instead on [title]
[2017-05-17T18:11:35,786][WARN ][o.e.d.i.m.StringFieldMapper$TypeParser] The [string] field is deprecated, please use [text] or [keyword] instead on [description]
[2017-05-17T18:11:35,786][WARN ][o.e.d.i.m.StringFieldMapper$TypeParser] The [string] field is deprecated, please use [text] or [keyword] instead on [timelion_sheet]
[2017-05-17T18:11:35,787][WARN ][o.e.d.i.m.StringFieldMapper$TypeParser] The [string] field is deprecated, please use [text] or [keyword] instead on [timelion_interval]
[2017-05-17T18:11:35,788][WARN ][o.e.d.i.m.StringFieldMapper$TypeParser] The [string] field is deprecated, please use [text] or [keyword] instead on [timelion_other_interval]
[2017-05-17T18:11:35,788][WARN ][o.e.d.i.m.StringFieldMapper$TypeParser] The [string] field is deprecated, please use [text] or [keyword] instead on [searchSourceJSON]
[2017-05-17T18:11:36,684][WARN ][o.e.d.i.q.QueryParseContext] query malformed, empty clause found at [1:143]
[2017-05-17T18:12:26,133][WARN ][o.e.d.i.q.QueryParseContext] query malformed, empty clause found at [1:143]
[2017-05-17T18:13:12,601][WARN ][o.e.d.i.q.QueryParseContext] query malformed, empty clause found at [1:143]
[2017-05-17T18:13:37,850][WARN ][o.e.d.i.q.QueryParseContext] query malformed, empty clause found at [1:143]
[2017-05-17T18:16:16,536][WARN ][o.e.d.i.m.StringFieldMapper$TypeParser] The [string] field is deprecated, please use [text] or [keyword] instead on [title]
[2017-05-17T18:16:16,536][WARN ][o.e.d.i.m.StringFieldMapper$TypeParser] The [string] field is deprecated, please use [text] or [keyword] instead on [visState]
[2017-05-17T18:16:16,537][WARN ][o.e.d.i.m.StringFieldMapper$TypeParser] The [string] field is deprecated, please use [text] or [keyword] instead on [uiStateJSON]
[2017-05-17T18:16:16,537][WARN ][o.e.d.i.m.StringFieldMapper$TypeParser] The [string] field is deprecated, please use [text] or [keyword] instead on [description]
[2017-05-17T18:16:16,537][WARN ][o.e.d.i.m.StringFieldMapper$TypeParser] The [string] field is deprecated, please use [text] or [keyword] instead on [savedSearchId]
[2017-05-17T18:16:16,537][WARN ][o.e.d.i.m.StringFieldMapper$TypeParser] The [string] field is deprecated, please use [text] or [keyword] instead on [searchSourceJSON]
[2017-05-17T18:16:16,540][WARN ][o.e.d.i.m.StringFieldMapper$TypeParser] The [string] field is deprecated, please use [text] or [keyword] instead on [title]
[2017-05-17T18:16:16,541][WARN ][o.e.d.i.m.StringFieldMapper$TypeParser] The [string] field is deprecated, please use [text] or [keyword] instead on [visState]
[2017-05-17T18:16:16,541][WARN ][o.e.d.i.m.StringFieldMapper$TypeParser] The [string] field is deprecated, please use [text] or [keyword] instead on [uiStateJSON]
[2017-05-17T18:16:16,541][WARN ][o.e.d.i.m.StringFieldMapper$TypeParser] The [string] field is deprecated, please use [text] or [keyword] instead on [description]
[2017-05-17T18:16:16,541][WARN ][o.e.d.i.m.StringFieldMapper$TypeParser] The [string] field is deprecated, please use [text] or [keyword] instead on [savedSearchId]
[2017-05-17T18:16:16,541][WARN ][o.e.d.i.m.StringFieldMapper$TypeParser] The [string] field is deprecated, please use [text] or [keyword] instead on [searchSourceJSON]
[2017-05-17T18:30:22,563][WARN ][o.e.d.i.m.StringFieldMapper$TypeParser] The [string] field is deprecated, please use [text] or [keyword] instead on [title]
[2017-05-17T18:30:22,564][WARN ][o.e.d.i.m.StringFieldMapper$TypeParser] The [string] field is deprecated, please use [text] or [keyword] instead on [description]
[2017-05-17T18:30:22,564][WARN ][o.e.d.i.m.StringFieldMapper$TypeParser] The [string] field is deprecated, please use [text] or [keyword] instead on [panelsJSON]
[2017-05-17T18:30:22,565][WARN ][o.e.d.i.m.StringFieldMapper$TypeParser] The [string] field is deprecated, please use [text] or [keyword] instead on [optionsJSON]
[2017-05-17T18:30:22,565][WARN ][o.e.d.i.m.StringFieldMapper$TypeParser] The [string] field is deprecated, please use [text] or [keyword] instead on [uiStateJSON]
[2017-05-17T18:30:22,566][WARN ][o.e.d.i.m.StringFieldMapper$TypeParser] The [string] field is deprecated, please use [text] or [keyword] instead on [timeTo]
[2017-05-17T18:30:22,566][WARN ][o.e.d.i.m.StringFieldMapper$TypeParser] The [string] field is deprecated, please use [text] or [keyword] instead on [timeFrom]
[2017-05-17T18:30:22,566][WARN ][o.e.d.i.m.StringFieldMapper$TypeParser] The [string] field is deprecated, please use [text] or [keyword] instead on [display]
[2017-05-17T18:30:22,567][WARN ][o.e.d.i.m.StringFieldMapper$TypeParser] The [string] field is deprecated, please use [text] or [keyword] instead on [searchSourceJSON]
[2017-05-17T18:30:22,570][WARN ][o.e.d.i.m.StringFieldMapper$TypeParser] The [string] field is deprecated, please use [text] or [keyword] instead on [title]
[2017-05-17T18:30:22,571][WARN ][o.e.d.i.m.StringFieldMapper$TypeParser] The [string] field is deprecated, please use [text] or [keyword] instead on [description]
[2017-05-17T18:30:22,571][WARN ][o.e.d.i.m.StringFieldMapper$TypeParser] The [string] field is deprecated, please use [text] or [keyword] instead on [panelsJSON]
[2017-05-17T18:30:22,571][WARN ][o.e.d.i.m.StringFieldMapper$TypeParser] The [string] field is deprecated, please use [text] or [keyword] instead on [optionsJSON]
[2017-05-17T18:30:22,571][WARN ][o.e.d.i.m.StringFieldMapper$TypeParser] The [string] field is deprecated, please use [text] or [keyword] instead on [uiStateJSON]
[2017-05-17T18:30:22,572][WARN ][o.e.d.i.m.StringFieldMapper$TypeParser] The [string] field is deprecated, please use [text] or [keyword] instead on [timeTo]
[2017-05-17T18:30:22,572][WARN ][o.e.d.i.m.StringFieldMapper$TypeParser] The [string] field is deprecated, please use [text] or [keyword] instead on [timeFrom]
[2017-05-17T18:30:22,572][WARN ][o.e.d.i.m.StringFieldMapper$TypeParser] The [string] field is deprecated, please use [text] or [keyword] instead on [display]
[2017-05-17T18:30:22,572][WARN ][o.e.d.i.m.StringFieldMapper$TypeParser] The [string] field is deprecated, please use [text] or [keyword] instead on [searchSourceJSON]
[2017-05-17T18:31:46,800][WARN ][o.e.d.i.q.QueryParseContext] query malformed, empty clause found at [1:143]
[2017-05-17T18:35:17,294][WARN ][o.e.d.i.q.QueryParseContext] query malformed, empty clause found at [1:143]
[2017-05-17T18:47:00,099][WARN ][o.e.d.i.m.StringFieldMapper$TypeParser] The [string] field is deprecated, please use [text] or [keyword] instead on [title]
[2017-05-17T18:47:00,100][WARN ][o.e.d.i.m.StringFieldMapper$TypeParser] The [string] field is deprecated, please use [text] or [keyword] instead on [description]
[2017-05-17T18:47:00,100][WARN ][o.e.d.i.m.StringFieldMapper$TypeParser] The [string] field is deprecated, please use [text] or [keyword] instead on [columns]
[2017-05-17T18:47:00,100][WARN ][o.e.d.i.m.StringFieldMapper$TypeParser] The [string] field is deprecated, please use [text] or [keyword] instead on [sort]
[2017-05-17T18:47:00,100][WARN ][o.e.d.i.m.StringFieldMapper$TypeParser] The [string] field is deprecated, please use [text] or [keyword] instead on [searchSourceJSON]
[2017-05-17T18:47:00,102][WARN ][o.e.d.i.m.StringFieldMapper$TypeParser] The [string] field is deprecated, please use [text] or [keyword] instead on [title]
[2017-05-17T18:47:00,102][WARN ][o.e.d.i.m.StringFieldMapper$TypeParser] The [string] field is deprecated, please use [text] or [keyword] instead on [description]
[2017-05-17T18:47:00,103][WARN ][o.e.d.i.m.StringFieldMapper$TypeParser] The [string] field is deprecated, please use [text] or [keyword] instead on [columns]
[2017-05-17T18:47:00,103][WARN ][o.e.d.i.m.StringFieldMapper$TypeParser] The [string] field is deprecated, please use [text] or [keyword] instead on [sort]
[2017-05-17T18:47:00,103][WARN ][o.e.d.i.m.StringFieldMapper$TypeParser] The [string] field is deprecated, please use [text] or [keyword] instead on [searchSourceJSON]
[2017-05-22T12:06:33,624][WARN ][o.e.d.s.g.GroovyScriptEngineService] [groovy] scripts are deprecated, use [painless] scripts instead
[2017-05-22T12:13:10,774][WARN ][o.e.d.i.q.QueryParseContext] query malformed, empty clause found at [1:143]
[2017-05-22T15:35:28,002][WARN ][o.e.d.s.g.GroovyScriptEngineService] [groovy] scripts are deprecated, use [painless] scripts instead
[2017-05-22T17:34:17,312][WARN ][o.e.d.s.g.GroovyScriptEngineService] [groovy] scripts are deprecated, use [painless] scripts instead
[2017-05-22T20:07:52,531][WARN ][o.e.d.s.g.GroovyScriptEngineService] [groovy] scripts are deprecated, use [painless] scripts instead
[2017-05-22T21:13:49,474][WARN ][o.e.d.s.g.GroovyScriptEngineService] [groovy] scripts are deprecated, use [painless] scripts instead
